<?xml version="1.0"?>
<component
  name="org.nuxeo.ecm.diff.content.html.conversion.blacklisted.mimeTypes.test">

  <require>org.nuxeo.ecm.diff.content.adapter.contrib</require>

  <extension
    target="org.nuxeo.ecm.diff.content.adapter.ContentDiffAdapterManagerComponent"
    point="htmlConversionBlacklistedMimeTypes">
    <mimeTypes override="true">
      <mimeType>application/pdf</mimeType>
      <mimeType>application/msword</mimeType>
      <mimeType>application/rtf</mimeType>
      <mimeType enabled="false">application/vnd.ms-excel</mimeType>
      <mimeType enabled="false">application/vnd.ms-powerpoint
      </mimeType>
    </mimeTypes>
  </extension>

</component>
