<?xml version="1.0"?>
<component name="org.nuxeo.ecm.diff.constraint.types.contrib.test"
  version="1.0">

  <require>org.nuxeo.ecm.diff.types.contrib.test</require>

  <extension target="org.nuxeo.ecm.directory.sql.SQLDirectoryFactory"
    point="directories">

    <directory name="nature">
      <schema>vocabulary</schema>
      <dataSource>java:/nxsqldirectory</dataSource>
      <cacheTimeout>3600</cacheTimeout>
      <cacheMaxSize>1000</cacheMaxSize>
      <table>nature</table>
      <idField>id</idField>
      <autoincrementIdField>false</autoincrementIdField>
      <dataFile>directory/nature.csv</dataFile>
      <createTablePolicy>on_missing_columns</createTablePolicy>
    </directory>

  </extension>

  <extension target="org.nuxeo.ecm.core.schema.TypeService"
    point="schema">
    <schema name="constraints" prefix="constraints" src="schema/constraints.xsd" />
  </extension>

  <extension target="org.nuxeo.ecm.core.schema.TypeService"
    point="doctype">
    <doctype name="SampleType" append="true">
      <schema name="constraints" />
    </doctype>
    <doctype name="OtherSampleType" append="true">
      <schema name="constraints" />
    </doctype>

  </extension>

</component>