<?xml version="1.0"?>
<component name="org.nuxeo.ecm.diff.constraint.types.contrib.test" version="1.0">

  <require>org.nuxeo.ecm.diff.types.contrib.test</require>

  <extension target="org.nuxeo.ecm.directory.GenericDirectory" point="directories">

    <directory name="template-vocabulary" template="true" extends="template-directory">
      <schema>vocabulary</schema>
      <idField>id</idField>
    </directory>

    <directory name="nature" extends="template-vocabulary">
      <dataFile>directory/nature.csv</dataFile>
    </directory>

  </extension>

  <extension target="org.nuxeo.ecm.core.schema.TypeService" point="schema">
    <schema name="constraints" prefix="constraints" src="schema/constraints.xsd" />
  </extension>

  <extension target="org.nuxeo.ecm.core.schema.TypeService" point="doctype">
    <doctype name="SampleType" append="true">
      <schema name="constraints" />
    </doctype>
    <doctype name="OtherSampleType" append="true">
      <schema name="constraints" />
    </doctype>

  </extension>

</component>